Base path: '/Applications/Unity/Hub/Editor/2019.4.20f1/Unity.app/Contents', plugins path '/Applications/Unity/Hub/Editor/2019.4.20f1/PlaybackEngines'
Cmd: initializeCompiler
Cmd: compileComputeKernel
  api=14 insize=18785 outsize=9505 ok=1
Cmd: translateComputeKernel
  api=14 insize=9505 outsize=16323 ok=1
Cmd: compileComputeKernel
  api=14 insize=1280 outsize=1348 ok=1
Cmd: translateComputeKernel
  api=14 insize=1448 outsize=1556 ok=1
Cmd: translateComputeKernel
  api=14 insize=1199 outsize=1168 ok=1
Cmd: compileComputeKernel
  api=14 insize=12109 outsize=3227 ok=1
Cmd: compileComputeKernel
  api=14 insize=12109 outsize=3203 ok=1
Cmd: compileComputeKernel
  api=14 insize=12109 outsize=3204 ok=1
Cmd: translateComputeKernel
  api=14 insize=3049 outsize=2942 ok=1
Cmd: translateComputeKernel
  api=14 insize=3470 outsize=3918 ok=1
Cmd: translateComputeKernel
  api=14 insize=3256 outsize=3355 ok=1
Cmd: compileComputeKernel
  api=14 insize=11985 outsize=2853 ok=1
Cmd: compileComputeKernel
  api=14 insize=11985 outsize=2853 ok=1
Cmd: compileComputeKernel
  api=14 insize=11985 outsize=2882 ok=1
Cmd: compileComputeKernel
  api=14 insize=11985 outsize=2916 ok=1
Cmd: translateComputeKernel
  api=14 insize=2927 outsize=3392 ok=1
Cmd: translateComputeKernel
  api=14 insize=2923 outsize=3393 ok=1
Cmd: translateComputeKernel
  api=14 insize=2955 outsize=3435 ok=1
Cmd: translateComputeKernel
  api=14 insize=2953 outsize=3434 ok=1
Cmd: compileComputeKernel
  api=14 insize=18301 outsize=3881 ok=1
Cmd: compileComputeKernel
  api=14 insize=18301 outsize=4787 ok=1
Cmd: translateComputeKernel
  api=14 insize=3895 outsize=5117 ok=1
Cmd: translateComputeKernel
  api=14 insize=5073 outsize=8184 ok=1
Cmd: translateComputeKernel
  api=14 insize=7267 outsize=12636 ok=1
Cmd: translateComputeKernel
  api=14 insize=11289 outsize=22342 ok=1
Cmd: compileComputeKernel
  api=14 insize=66874 outsize=5115 ok=1
Cmd: compileComputeKernel
  api=14 insize=66874 outsize=3711 ok=1
Cmd: compileComputeKernel
  api=14 insize=66874 outsize=3766 ok=1
Cmd: compileComputeKernel
  api=14 insize=66874 outsize=3621 ok=1
Cmd: compileComputeKernel
  api=14 insize=66874 outsize=4177 ok=1
Cmd: compileComputeKernel
  api=14 insize=66874 outsize=3563 ok=1
Cmd: compileComputeKernel
  api=14 insize=66874 outsize=5647 ok=1
Cmd: compileComputeKernel
  api=14 insize=66874 outsize=3416 ok=1
Cmd: compileComputeKernel
  api=14 insize=66874 outsize=3763 ok=1
Cmd: compileComputeKernel
  api=14 insize=66874 outsize=3453 ok=1
Cmd: compileComputeKernel
  api=14 insize=66874 outsize=3679 ok=1
Cmd: compileComputeKernel
  api=14 insize=66874 outsize=3909 ok=1
Cmd: compileComputeKernel
  api=14 insize=66874 outsize=4051 ok=1
Cmd: compileComputeKernel
  api=14 insize=66874 outsize=4051 ok=1
Cmd: compileComputeKernel
  api=14 insize=66874 outsize=4080 ok=1
Cmd: compileComputeKernel
  api=14 insize=66874 outsize=4230 ok=1
Cmd: compileComputeKernel
  api=14 insize=66874 outsize=3473 ok=1
Cmd: compileComputeKernel
  api=14 insize=66874 outsize=4294 ok=1
Cmd: compileComputeKernel
  api=14 insize=66874 outsize=3581 ok=1
Cmd: compileComputeKernel
  api=14 insize=66874 outsize=4765 ok=1
Cmd: translateComputeKernel
  api=14 insize=16045 outsize=28557 ok=1
Cmd: compileComputeKernel
  api=14 insize=72903 outsize=4088 ok=1
Cmd: translateComputeKernel
  api=14 insize=8155 outsize=13705 ok=1
Cmd: compileComputeKernel
  api=14 insize=34089 outsize=1150 ok=1
Cmd: compileComputeKernel
  api=14 insize=34089 outsize=2242 ok=1
Cmd: compileComputeKernel
  api=14 insize=34089 outsize=2278 ok=1
Cmd: compileComputeKernel
  api=14 insize=34089 outsize=1319 ok=1
Cmd: compileComputeKernel
  api=14 insize=34089 outsize=2221 ok=1
Cmd: compileComputeKernel
  api=14 insize=34089 outsize=2268 ok=1
Cmd: compileComputeKernel
  api=14 insize=34089 outsize=2188 ok=1
Cmd: compileComputeKernel
  api=14 insize=34089 outsize=2309 ok=1
Cmd: compileComputeKernel
  api=14 insize=34089 outsize=3433 ok=1
Cmd: compileComputeKernel
  api=14 insize=34089 outsize=2969 ok=1
Cmd: compileComputeKernel
  api=14 insize=34089 outsize=2835 ok=1
Cmd: compileComputeKernel
  api=14 insize=34089 outsize=2768 ok=1
Cmd: compileComputeKernel
  api=14 insize=34089 outsize=2720 ok=1
Cmd: compileComputeKernel
  api=14 insize=34089 outsize=2818 ok=1
Cmd: compileComputeKernel
  api=14 insize=34089 outsize=2836 ok=1
Cmd: translateComputeKernel
  api=14 insize=2404 outsize=2141 ok=1
Cmd: translateComputeKernel
  api=14 insize=2347 outsize=2054 ok=1
Cmd: translateComputeKernel
  api=14 insize=2409 outsize=2149 ok=1
Cmd: translateComputeKernel
  api=14 insize=1875 outsize=1817 ok=1
Cmd: translateComputeKernel
  api=14 insize=2492 outsize=2252 ok=1
Cmd: translateComputeKernel
  api=14 insize=1458 outsize=1300 ok=1
Cmd: translateComputeKernel
  api=14 insize=2502 outsize=2305 ok=1
Cmd: translateComputeKernel
  api=14 insize=2862 outsize=3276 ok=1
Cmd: translateComputeKernel
  api=14 insize=2837 outsize=2803 ok=1
Cmd: translateComputeKernel
  api=14 insize=3153 outsize=3501 ok=1
Cmd: translateComputeKernel
  api=14 insize=2973 outsize=3410 ok=1
Cmd: translateComputeKernel
  api=14 insize=2962 outsize=3232 ok=1
Cmd: translateComputeKernel
  api=14 insize=2944 outsize=3196 ok=1
Cmd: translateComputeKernel
  api=14 insize=2909 outsize=3345 ok=1
Cmd: translateComputeKernel
  api=14 insize=3251 outsize=3750 ok=1
